[2025-03-26T03:39:57.651Z] [INFO] Telegram bot initialized successfully 
[2025-03-26T03:39:57.659Z] [INFO] Telegram bot started successfully 
[2025-03-26T03:39:57.735Z] [INFO] Server running on port 5000 
[2025-03-26T03:39:57.737Z] [INFO] Environment: development 
[2025-03-26T03:41:36.922Z] [INFO] Telegram bot initialized successfully 
[2025-03-26T03:41:36.931Z] [INFO] Telegram bot started successfully 
[2025-03-26T03:41:37.001Z] [INFO] Server running on port 5000 
[2025-03-26T03:41:37.003Z] [INFO] Environment: development 
[2025-03-26T03:42:54.676Z] [INFO] User started bot {"chatId":7293683825,"username":"Truthhq01"}
[2025-03-26T03:57:54.986Z] [INFO] Telegram bot initialized successfully 
[2025-03-26T03:57:55.000Z] [INFO] Telegram bot started successfully 
[2025-03-26T03:57:55.054Z] [INFO] Server running on port 5000 
[2025-03-26T03:57:55.056Z] [INFO] Environment: development 
[2025-03-26T04:01:48.188Z] [INFO] Telegram bot initialized successfully 
[2025-03-26T04:01:48.196Z] [INFO] Telegram bot started successfully 
[2025-03-26T04:01:48.245Z] [INFO] Server running on port 5000 
[2025-03-26T04:01:48.246Z] [INFO] Environment: development 
[2025-03-26T04:04:54.993Z] [INFO] User started bot {"chatId":7293683825,"username":"Truthhq01"}
[2025-03-26T05:16:04.059Z] [INFO] Telegram bot initialized successfully 
[2025-03-26T05:16:04.067Z] [INFO] Telegram bot started successfully 
[2025-03-26T05:16:04.117Z] [INFO] Server running on port 5000 
[2025-03-26T05:16:04.119Z] [INFO] Environment: development 
[2025-03-26T05:16:14.070Z] [INFO] No messages received for 10 seconds, stopping polling 
[2025-03-26T05:16:19.089Z] [INFO] No messages received for 10 seconds, stopping polling 
[2025-03-26T05:16:24.138Z] [INFO] No messages received for 10 seconds, stopping polling 
[2025-03-26T05:17:32.013Z] [INFO] Telegram bot initialized successfully 
[2025-03-26T05:17:32.020Z] [INFO] Telegram bot started successfully 
[2025-03-26T05:17:32.066Z] [INFO] Server running on port 5000 
[2025-03-26T05:17:32.067Z] [INFO] Environment: development 
[2025-03-26T05:17:44.924Z] [INFO] Telegram bot initialized successfully 
[2025-03-26T05:17:44.936Z] [INFO] Telegram bot started successfully 
[2025-03-26T05:17:45.018Z] [INFO] Server running on port 5000 
[2025-03-26T05:17:45.020Z] [INFO] Environment: development 
[2025-03-26T05:18:08.088Z] [INFO] Telegram bot initialized successfully 
[2025-03-26T05:18:08.098Z] [INFO] Telegram bot started successfully 
[2025-03-26T05:18:08.180Z] [INFO] Server running on port 5000 
[2025-03-26T05:18:08.200Z] [INFO] Environment: development 
